{"level":"info","message":"Connected to DB!","timestamp":"2016-10-01T13:06:53.837Z"}
{"level":"info","message":"New user - myapi:abc1234","timestamp":"2016-10-01T13:06:54.126Z"}
{"level":"info","message":"New client - android:SomeRandomCharsAndNumbers","timestamp":"2016-10-01T13:06:54.349Z"}
{"level":"info","message":"Express server listening on port 1337","timestamp":"2016-10-01T13:07:35.099Z"}
{"level":"info","message":"Connected to DB!","timestamp":"2016-10-01T13:07:35.117Z"}
{"level":"info","message":"Connected to DB!","timestamp":"2016-10-01T14:28:53.520Z"}
{"level":"info","message":"New user - myapi:abc1234","timestamp":"2016-10-01T14:28:53.546Z"}
{"level":"info","message":"New client - android:SomeRandomCharsAndNumbers","timestamp":"2016-10-01T14:28:53.553Z"}
{"level":"info","message":"Connected to DB!","timestamp":"2016-10-02T04:30:51.116Z"}
{"level":"info","message":"New user - myapi:abc1234","timestamp":"2016-10-02T04:30:51.247Z"}
{"level":"info","message":"New client - android:SomeRandomCharsAndNumbers","timestamp":"2016-10-02T04:30:51.251Z"}
{"level":"info","message":"Connected to DB!","timestamp":"2016-10-02T04:34:23.385Z"}
{"level":"info","message":"New user - myapi:abc1234","timestamp":"2016-10-02T04:34:23.409Z"}
{"level":"info","message":"New client - android:SomeRandomCharsAndNumbers","timestamp":"2016-10-02T04:34:23.414Z"}
{"level":"info","message":"Express server listening on port 1337","timestamp":"2016-10-02T04:35:13.367Z"}
{"level":"info","message":"Connected to DB!","timestamp":"2016-10-02T04:35:13.387Z"}
{"level":"info","message":"Express server listening on port 1337","timestamp":"2016-10-02T04:38:03.139Z"}
{"level":"info","message":"Connected to DB!","timestamp":"2016-10-02T04:38:03.159Z"}
{"level":"info","message":"Express server listening on port 1337","timestamp":"2016-10-02T09:02:17.218Z"}
{"level":"info","message":"Connected to DB!","timestamp":"2016-10-02T09:02:17.236Z"}
{"level":"info","message":"Express server listening on port 1337","timestamp":"2016-10-04T05:51:58.798Z"}
{"level":"info","message":"Connected to DB!","timestamp":"2016-10-04T05:51:58.817Z"}
{"level":"info","message":"Express server listening on port 1337","timestamp":"2016-10-04T06:13:28.816Z"}
{"level":"info","message":"Connected to DB!","timestamp":"2016-10-04T06:13:28.835Z"}
{"level":"info","message":"Express server listening on port 1337","timestamp":"2016-10-04T06:20:24.909Z"}
{"level":"info","message":"Connected to DB!","timestamp":"2016-10-04T06:20:24.928Z"}
{"level":"info","message":"Express server listening on port 1337","timestamp":"2016-10-04T06:22:36.874Z"}
{"level":"info","message":"Connected to DB!","timestamp":"2016-10-04T06:22:36.893Z"}
{"level":"info","message":"Express server listening on port 1337","timestamp":"2016-10-05T06:17:06.056Z"}
{"level":"info","message":"Connected to DB!","timestamp":"2016-10-05T06:17:06.077Z"}
{"level":"info","message":"New article created with id: 57f49e333ed2921ea0758de9","timestamp":"2016-10-05T06:31:16.034Z"}
{"level":"info","message":"Express server listening on port 1337","timestamp":"2016-10-05T16:59:15.248Z"}
{"level":"info","message":"Connected to DB!","timestamp":"2016-10-05T16:59:15.270Z"}
{"level":"error","message":"POST 400 Unexpected token '","timestamp":"2016-10-05T17:35:18.291Z"}
{"level":"info","message":"New article created with id: 57f53dee9212030c84bd4e80","timestamp":"2016-10-05T17:52:46.450Z"}
{"level":"info","message":"Express server listening on port 1337","timestamp":"2016-10-06T06:56:50.931Z"}
{"level":"error","message":"Connection error: failed to connect to server [localhost:27017] on first connect","timestamp":"2016-10-06T06:56:51.950Z"}
{"level":"info","message":"Express server listening on port 1337","timestamp":"2016-10-06T06:57:23.585Z"}
{"level":"error","message":"Connection error: failed to connect to server [localhost:27017] on first connect","timestamp":"2016-10-06T06:57:24.614Z"}
{"level":"info","message":"Express server listening on port 1337","timestamp":"2016-10-06T06:57:46.726Z"}
{"level":"info","message":"Connected to DB!","timestamp":"2016-10-06T06:57:46.748Z"}
{"level":"info","message":"Article with id: 57f49e333ed2921ea0758de9 updated","timestamp":"2016-10-06T07:20:28.051Z"}
{"level":"info","message":"Article with id: 57f49e333ed2921ea0758de9 updated","timestamp":"2016-10-06T07:22:57.849Z"}
{"level":"info","message":"Express server listening on port 1337","timestamp":"2016-10-06T08:21:48.708Z"}
{"level":"info","message":"Connected to DB!","timestamp":"2016-10-06T08:21:48.727Z"}
{"level":"info","message":"Express server listening on port 1337","timestamp":"2016-10-06T11:47:19.025Z"}
{"level":"info","message":"Connected to DB!","timestamp":"2016-10-06T11:47:19.047Z"}
{"level":"info","message":"Express server listening on port 1337","timestamp":"2016-10-06T12:46:14.916Z"}
{"level":"info","message":"Connected to DB!","timestamp":"2016-10-06T12:46:14.937Z"}
{"level":"info","message":"New user created with id: 57f6479fcb106e01ecd2ab58","timestamp":"2016-10-06T12:46:23.424Z"}
{"level":"info","message":"New user created with id: 57f64850cb106e01ecd2ab59","timestamp":"2016-10-06T12:49:20.614Z"}
{"level":"error","message":"POST 500 Not a string or buffer","timestamp":"2016-10-06T12:53:47.248Z"}
{"level":"error","message":"POST 500 Not a string or buffer","timestamp":"2016-10-06T12:54:27.031Z"}
{"level":"error","message":"POST 500 Not a string or buffer","timestamp":"2016-10-06T12:56:42.938Z"}
{"level":"info","message":"New user created with id: 57f64a4dcb106e01ecd2ab5d","timestamp":"2016-10-06T12:57:49.726Z"}
{"level":"info","message":"Express server listening on port 1337","timestamp":"2016-10-06T13:15:18.819Z"}
{"level":"info","message":"Connected to DB!","timestamp":"2016-10-06T13:15:18.838Z"}
{"level":"info","message":"Express server listening on port 1337","timestamp":"2016-10-06T13:21:48.437Z"}
{"level":"info","message":"Connected to DB!","timestamp":"2016-10-06T13:21:48.456Z"}
{"level":"error","message":"GET 500 Converting circular structure to JSON","timestamp":"2016-10-06T13:21:56.635Z"}
{"level":"info","message":"Express server listening on port 1337","timestamp":"2016-10-06T13:24:05.042Z"}
{"level":"info","message":"Connected to DB!","timestamp":"2016-10-06T13:24:05.061Z"}
{"level":"info","message":"Express server listening on port 1337","timestamp":"2016-10-06T14:00:45.359Z"}
{"level":"info","message":"Connected to DB!","timestamp":"2016-10-06T14:00:45.379Z"}
{"level":"info","message":"Express server listening on port 1337","timestamp":"2016-10-06T14:02:01.289Z"}
{"level":"info","message":"Connected to DB!","timestamp":"2016-10-06T14:02:01.309Z"}
{"level":"info","message":"Express server listening on port 1337","timestamp":"2016-10-06T14:05:27.928Z"}
{"level":"info","message":"Connected to DB!","timestamp":"2016-10-06T14:05:27.947Z"}
{"level":"info","message":"Express server listening on port 1337","timestamp":"2016-10-06T14:10:35.603Z"}
{"level":"info","message":"Connected to DB!","timestamp":"2016-10-06T14:10:35.623Z"}
{"level":"info","message":"Express server listening on port 1337","timestamp":"2016-10-06T14:45:59.423Z"}
{"level":"info","message":"Connected to DB!","timestamp":"2016-10-06T14:45:59.441Z"}
{"level":"error","message":"POST 500 ObjectId is not defined","timestamp":"2016-10-06T14:46:06.523Z"}
{"level":"info","message":"Express server listening on port 1337","timestamp":"2016-10-06T15:14:33.860Z"}
{"level":"info","message":"Connected to DB!","timestamp":"2016-10-06T15:14:33.880Z"}
{"level":"info","message":"Express server listening on port 1337","timestamp":"2016-10-06T15:20:29.291Z"}
{"level":"info","message":"Connected to DB!","timestamp":"2016-10-06T15:20:29.311Z"}
{"level":"info","message":"New user append to friends with id: 57f64a4dcb106e01ecd2ab5d","timestamp":"2016-10-06T15:20:35.288Z"}
{"level":"info","message":"New user append to friends with id: 57f64a4dcb106e01ecd2ab5d","timestamp":"2016-10-06T15:48:06.058Z"}
{"level":"info","message":"Express server listening on port 1337","timestamp":"2016-10-06T15:48:21.454Z"}
{"level":"info","message":"Connected to DB!","timestamp":"2016-10-06T15:48:21.474Z"}
{"level":"info","message":"New user append to friends with id: 57f64a4dcb106e01ecd2ab5d","timestamp":"2016-10-06T15:48:47.655Z"}
{"level":"info","message":"Express server listening on port 1337","timestamp":"2016-10-06T15:58:57.394Z"}
{"level":"info","message":"Connected to DB!","timestamp":"2016-10-06T15:58:57.413Z"}
{"level":"info","message":"New user append to friends with id: 57f64a4dcb106e01ecd2ab5d","timestamp":"2016-10-06T15:59:02.675Z"}
{"level":"info","message":"User removed from friends with id: 57f64a4dcb106e01ecd2ab5d","timestamp":"2016-10-06T16:01:32.069Z"}
{"level":"info","message":"Express server listening on port 1337","timestamp":"2016-10-06T16:03:50.635Z"}
{"level":"info","message":"Connected to DB!","timestamp":"2016-10-06T16:03:50.655Z"}
{"level":"info","message":"User removed from friends with id: 57f64a4dcb106e01ecd2ab5d","timestamp":"2016-10-06T16:04:10.955Z"}
{"level":"info","message":"New user append to friends with id: 57f64a4dcb106e01ecd2ab5d","timestamp":"2016-10-06T16:47:59.956Z"}
{"level":"info","message":"New user append to friends with id: 57f64850cb106e01ecd2ab59","timestamp":"2016-10-06T16:48:22.345Z"}
{"level":"info","message":"Express server listening on port 1337","timestamp":"2016-10-06T16:56:11.314Z"}
{"level":"info","message":"Connected to DB!","timestamp":"2016-10-06T16:56:11.333Z"}
{"level":"info","message":"Express server listening on port 1337","timestamp":"2016-10-06T17:02:15.515Z"}
{"level":"info","message":"Connected to DB!","timestamp":"2016-10-06T17:02:15.536Z"}
{"level":"info","message":"Express server listening on port 1337","timestamp":"2016-10-06T17:39:30.365Z"}
{"level":"info","message":"Connected to DB!","timestamp":"2016-10-06T17:39:30.384Z"}
{"level":"info","message":"Express server listening on port 1337","timestamp":"2016-10-06T17:43:41.213Z"}
{"level":"info","message":"Connected to DB!","timestamp":"2016-10-06T17:43:41.233Z"}
{"level":"info","message":"Express server listening on port 1337","timestamp":"2016-10-06T17:45:27.531Z"}
{"level":"info","message":"Connected to DB!","timestamp":"2016-10-06T17:45:27.551Z"}
{"level":"info","message":"Express server listening on port 1337","timestamp":"2016-10-06T17:46:43.614Z"}
{"level":"info","message":"Connected to DB!","timestamp":"2016-10-06T17:46:43.633Z"}
{"level":"info","message":"Express server listening on port 1337","timestamp":"2016-10-06T17:50:15.069Z"}
{"level":"info","message":"Connected to DB!","timestamp":"2016-10-06T17:50:15.088Z"}
{"level":"info","message":"Express server listening on port 1337","timestamp":"2016-10-06T17:52:17.543Z"}
{"level":"info","message":"Connected to DB!","timestamp":"2016-10-06T17:52:17.563Z"}
{"level":"info","message":"Express server listening on port 1337","timestamp":"2016-10-06T17:54:52.954Z"}
{"level":"info","message":"Connected to DB!","timestamp":"2016-10-06T17:54:52.973Z"}
{"level":"info","message":"Express server listening on port 1337","timestamp":"2016-10-07T07:08:52.238Z"}
{"level":"info","message":"Connected to DB!","timestamp":"2016-10-07T07:08:52.257Z"}
{"level":"info","message":"Express server listening on port 1337","timestamp":"2016-10-07T07:15:48.528Z"}
{"level":"info","message":"Connected to DB!","timestamp":"2016-10-07T07:15:48.548Z"}
{"level":"info","message":"Express server listening on port 1337","timestamp":"2016-10-07T07:29:24.426Z"}
{"level":"info","message":"Connected to DB!","timestamp":"2016-10-07T07:29:24.446Z"}
{"level":"info","message":"Express server listening on port 1337","timestamp":"2016-10-07T07:35:37.690Z"}
{"level":"info","message":"Connected to DB!","timestamp":"2016-10-07T07:35:37.711Z"}
{"level":"info","message":"Express server listening on port 1337","timestamp":"2016-10-07T11:39:56.840Z"}
{"level":"info","message":"Connected to DB!","timestamp":"2016-10-07T11:39:56.859Z"}
{"level":"info","message":"Express server listening on port 1337","timestamp":"2016-10-07T12:06:35.035Z"}
{"level":"info","message":"Connected to DB!","timestamp":"2016-10-07T12:06:35.054Z"}
{"level":"info","message":"Express server listening on port 1337","timestamp":"2016-10-07T12:09:32.520Z"}
{"level":"info","message":"Connected to DB!","timestamp":"2016-10-07T12:09:32.540Z"}
{"level":"info","message":"Express server listening on port 1337","timestamp":"2016-10-07T12:10:54.697Z"}
{"level":"info","message":"Connected to DB!","timestamp":"2016-10-07T12:10:54.717Z"}
{"level":"info","message":"Express server listening on port 1337","timestamp":"2016-10-07T12:23:09.160Z"}
{"level":"info","message":"Connected to DB!","timestamp":"2016-10-07T12:23:09.179Z"}
{"level":"info","message":"Express server listening on port 1337","timestamp":"2016-10-07T13:18:28.963Z"}
{"level":"info","message":"Connected to DB!","timestamp":"2016-10-07T13:18:28.982Z"}
{"level":"error","message":"GET 500 res is not defined","timestamp":"2016-10-07T13:18:34.448Z"}
"2016-10-07T13:18:34.442Z"
"2016-10-07T13:18:34.442Z"
{"level":"info","message":"Express server listening on port 1337","timestamp":"2016-10-07T13:25:01.305Z"}
{"level":"info","message":"Connected to DB!","timestamp":"2016-10-07T13:25:01.324Z"}
"2016-10-07T13:25:08.221Z"
"2016-10-07T13:25:08.221Z"
{"level":"info","message":"Express server listening on port 1337","timestamp":"2016-10-07T14:15:34.717Z"}
{"level":"info","message":"Connected to DB!","timestamp":"2016-10-07T14:15:34.736Z"}
{"level":"info","message":"Express server listening on port 1337","timestamp":"2016-10-07T14:24:17.053Z"}
{"level":"info","message":"Connected to DB!","timestamp":"2016-10-07T14:24:17.073Z"}
{"level":"info","message":"Express server listening on port 1337","timestamp":"2016-10-07T15:11:10.090Z"}
{"level":"info","message":"Connected to DB!","timestamp":"2016-10-07T15:11:10.110Z"}
"2016-10-07T15:13:50.214Z"
"2016-10-07T15:13:50.214Z"
"2016-10-07T15:17:56.506Z"
"2016-10-07T15:17:56.506Z"
{"level":"info","message":"Express server listening on port 1337","timestamp":"2016-10-07T15:21:26.227Z"}
{"level":"info","message":"Connected to DB!","timestamp":"2016-10-07T15:21:26.248Z"}
"2016-10-07T15:21:35.017Z"
"2016-10-07T15:21:35.017Z"
{"level":"info","message":"Express server listening on port 1337","timestamp":"2016-10-07T15:53:42.249Z"}
{"level":"info","message":"Connected to DB!","timestamp":"2016-10-07T15:53:42.269Z"}
{"level":"info","message":"Express server listening on port 1337","timestamp":"2016-10-07T15:55:40.781Z"}
{"level":"info","message":"Connected to DB!","timestamp":"2016-10-07T15:55:40.802Z"}
"2016-10-07T15:55:46.971Z"
"2016-10-07T15:55:46.971Z"
{"level":"info","message":"New user created with id: 57f7c5bb8f58f22ec0b58971","timestamp":"2016-10-07T15:56:44.006Z"}
{"level":"info","message":"New user created with id: 57f7c5c58f58f22ec0b58972","timestamp":"2016-10-07T15:56:53.540Z"}
{"level":"error","message":"Internal error(500): E11000 duplicate key error collection: apiDB.users index: username_1 dup key: { : \"user3\" }","timestamp":"2016-10-07T15:56:58.523Z"}
{"level":"error","message":"Internal error(500): E11000 duplicate key error collection: apiDB.users index: username_1 dup key: { : \"user3\" }","timestamp":"2016-10-07T15:58:07.410Z"}
{"level":"info","message":"New user created with id: 57f7c65d8f58f22ec0b58975","timestamp":"2016-10-07T15:59:25.088Z"}
{"level":"error","message":"Internal error(500): E11000 duplicate key error collection: apiDB.users index: username_1 dup key: { : \"user3\" }","timestamp":"2016-10-07T16:00:44.206Z"}
